1705064805.374781 client started (20172): version 3.3a, socket /tmp/tmux-1000/default, protocol 8
1705064805.374846 on Linux 5.15.90.2-microsoft-standard-WSL2 #1 SMP Fri Jun 2 00:45:15 UTC 2023
1705064805.374866 using libevent 2.1.12-stable (poll); utf8proc 2.8.0; ncurses 6.4
1705064805.374928 flags are 0x10010000
1705064805.374944 socket is /tmp/tmux-1000/default
1705064805.374964 trying connect
1705064805.375145 add peer 0x55a984954070: 6 ((nil))
1705064805.375865 sending message 100 to peer 0x55a984954070 (4 bytes)
1705064805.375891 sending message 111 to peer 0x55a984954070 (8 bytes)
1705064805.375899 sending message 101 to peer 0x55a984954070 (16 bytes)
1705064805.375906 sending message 109 to peer 0x55a984954070 (4 bytes)
1705064805.375913 sending message 102 to peer 0x55a984954070 (11 bytes)
1705064805.375920 sending message 108 to peer 0x55a984954070 (35 bytes)
1705064805.375927 sending message 112 to peer 0x55a984954070 (70 bytes)
1705064805.375935 sending message 112 to peer 0x55a984954070 (5 bytes)
1705064805.375943 sending message 112 to peer 0x55a984954070 (5 bytes)
1705064805.375949 sending message 112 to peer 0x55a984954070 (6 bytes)
1705064805.375965 sending message 112 to peer 0x55a984954070 (6 bytes)
1705064805.375972 sending message 112 to peer 0x55a984954070 (11 bytes)
1705064805.375979 sending message 112 to peer 0x55a984954070 (10 bytes)
1705064805.375986 sending message 112 to peer 0x55a984954070 (13 bytes)
1705064805.375993 sending message 112 to peer 0x55a984954070 (13 bytes)
1705064805.376000 sending message 112 to peer 0x55a984954070 (18 bytes)
1705064805.376006 sending message 112 to peer 0x55a984954070 (11 bytes)
1705064805.376013 sending message 112 to peer 0x55a984954070 (21 bytes)
1705064805.376020 sending message 112 to peer 0x55a984954070 (13 bytes)
1705064805.376026 sending message 112 to peer 0x55a984954070 (7 bytes)
1705064805.376033 sending message 112 to peer 0x55a984954070 (13 bytes)
1705064805.376040 sending message 112 to peer 0x55a984954070 (7 bytes)
1705064805.376047 sending message 112 to peer 0x55a984954070 (13 bytes)
1705064805.376054 sending message 112 to peer 0x55a984954070 (9 bytes)
1705064805.376061 sending message 112 to peer 0x55a984954070 (21 bytes)
1705064805.376068 sending message 112 to peer 0x55a984954070 (13 bytes)
1705064805.376074 sending message 112 to peer 0x55a984954070 (8 bytes)
1705064805.376081 sending message 112 to peer 0x55a984954070 (12 bytes)
1705064805.376088 sending message 112 to peer 0x55a984954070 (13 bytes)
1705064805.376094 sending message 112 to peer 0x55a984954070 (9 bytes)
1705064805.376102 sending message 112 to peer 0x55a984954070 (9 bytes)
1705064805.376109 sending message 112 to peer 0x55a984954070 (12 bytes)
1705064805.376115 sending message 112 to peer 0x55a984954070 (8 bytes)
1705064805.376122 sending message 112 to peer 0x55a984954070 (7 bytes)
1705064805.376129 sending message 112 to peer 0x55a984954070 (7 bytes)
1705064805.376136 sending message 112 to peer 0x55a984954070 (9 bytes)
1705064805.376142 sending message 112 to peer 0x55a984954070 (13 bytes)
1705064805.376149 sending message 112 to peer 0x55a984954070 (9 bytes)
1705064805.376156 sending message 112 to peer 0x55a984954070 (15 bytes)
1705064805.376163 sending message 112 to peer 0x55a984954070 (13 bytes)
1705064805.376170 sending message 112 to peer 0x55a984954070 (12 bytes)
1705064805.376176 sending message 112 to peer 0x55a984954070 (8 bytes)
1705064805.376184 sending message 112 to peer 0x55a984954070 (14 bytes)
1705064805.376191 sending message 112 to peer 0x55a984954070 (9 bytes)
1705064805.376197 sending message 112 to peer 0x55a984954070 (10 bytes)
1705064805.376204 sending message 112 to peer 0x55a984954070 (10 bytes)
1705064805.376211 sending message 112 to peer 0x55a984954070 (10 bytes)
1705064805.376218 sending message 112 to peer 0x55a984954070 (10 bytes)
1705064805.376225 sending message 112 to peer 0x55a984954070 (11 bytes)
1705064805.376231 sending message 112 to peer 0x55a984954070 (10 bytes)
1705064805.376238 sending message 112 to peer 0x55a984954070 (8 bytes)
1705064805.376258 sending message 112 to peer 0x55a984954070 (11 bytes)
1705064805.376265 sending message 112 to peer 0x55a984954070 (11 bytes)
1705064805.376272 sending message 112 to peer 0x55a984954070 (11 bytes)
1705064805.376279 sending message 112 to peer 0x55a984954070 (8 bytes)
1705064805.376286 sending message 112 to peer 0x55a984954070 (8 bytes)
1705064805.376293 sending message 112 to peer 0x55a984954070 (8 bytes)
1705064805.376300 sending message 112 to peer 0x55a984954070 (10 bytes)
1705064805.376306 sending message 112 to peer 0x55a984954070 (10 bytes)
1705064805.376312 sending message 112 to peer 0x55a984954070 (10 bytes)
1705064805.376319 sending message 112 to peer 0x55a984954070 (10 bytes)
1705064805.376326 sending message 112 to peer 0x55a984954070 (10 bytes)
1705064805.376332 sending message 112 to peer 0x55a984954070 (11 bytes)
1705064805.376339 sending message 112 to peer 0x55a984954070 (11 bytes)
1705064805.376346 sending message 112 to peer 0x55a984954070 (10 bytes)
1705064805.376353 sending message 112 to peer 0x55a984954070 (9 bytes)
1705064805.376359 sending message 112 to peer 0x55a984954070 (9 bytes)
1705064805.376366 sending message 112 to peer 0x55a984954070 (12 bytes)
1705064805.376372 sending message 112 to peer 0x55a984954070 (9 bytes)
1705064805.376379 sending message 112 to peer 0x55a984954070 (6 bytes)
1705064805.376386 sending message 112 to peer 0x55a984954070 (13 bytes)
1705064805.376392 sending message 112 to peer 0x55a984954070 (8 bytes)
1705064805.376399 sending message 112 to peer 0x55a984954070 (15 bytes)
1705064805.376406 sending message 112 to peer 0x55a984954070 (13 bytes)
1705064805.376412 sending message 112 to peer 0x55a984954070 (70 bytes)
1705064805.376419 sending message 112 to peer 0x55a984954070 (69 bytes)
1705064805.376425 sending message 112 to peer 0x55a984954070 (10 bytes)
1705064805.376432 sending message 112 to peer 0x55a984954070 (8 bytes)
1705064805.376439 sending message 112 to peer 0x55a984954070 (15 bytes)
1705064805.376446 sending message 112 to peer 0x55a984954070 (13 bytes)
1705064805.376453 sending message 112 to peer 0x55a984954070 (10 bytes)
1705064805.376460 sending message 112 to peer 0x55a984954070 (10 bytes)
1705064805.376467 sending message 112 to peer 0x55a984954070 (5 bytes)
1705064805.376473 sending message 112 to peer 0x55a984954070 (15 bytes)
1705064805.376482 sending message 104 to peer 0x55a984954070 (0 bytes)
1705064805.376489 sending message 110 to peer 0x55a984954070 (0 bytes)
1705064805.376497 sending message 107 to peer 0x55a984954070 (4 bytes)
1705064805.376504 sending message 105 to peer 0x55a984954070 (11 bytes)
1705064805.376510 sending message 105 to peer 0x55a984954070 (17 bytes)
1705064805.376517 sending message 105 to peer 0x55a984954070 (16 bytes)
1705064805.376524 sending message 105 to peer 0x55a984954070 (13 bytes)
1705064805.376552 sending message 105 to peer 0x55a984954070 (14 bytes)
1705064805.376563 sending message 105 to peer 0x55a984954070 (11 bytes)
1705064805.376570 sending message 105 to peer 0x55a984954070 (25 bytes)
1705064805.376577 sending message 105 to peer 0x55a984954070 (19 bytes)
1705064805.376584 sending message 105 to peer 0x55a984954070 (705 bytes)
1705064805.376592 sending message 105 to peer 0x55a984954070 (40 bytes)
1705064805.376598 sending message 105 to peer 0x55a984954070 (39 bytes)
1705064805.376605 sending message 105 to peer 0x55a984954070 (15 bytes)
1705064805.376612 sending message 105 to peer 0x55a984954070 (8 bytes)
1705064805.376619 sending message 105 to peer 0x55a984954070 (38 bytes)
1705064805.376626 sending message 105 to peer 0x55a984954070 (19 bytes)
1705064805.376633 sending message 105 to peer 0x55a984954070 (21 bytes)
1705064805.376640 sending message 105 to peer 0x55a984954070 (18 bytes)
1705064805.376647 sending message 105 to peer 0x55a984954070 (26 bytes)
1705064805.376653 sending message 105 to peer 0x55a984954070 (36 bytes)
1705064805.376660 sending message 105 to peer 0x55a984954070 (13 bytes)
1705064805.376667 sending message 105 to peer 0x55a984954070 (52 bytes)
1705064805.376680 sending message 105 to peer 0x55a984954070 (11 bytes)
1705064805.376687 sending message 105 to peer 0x55a984954070 (26 bytes)
1705064805.376694 sending message 105 to peer 0x55a984954070 (24 bytes)
1705064805.376700 sending message 105 to peer 0x55a984954070 (33 bytes)
1705064805.376707 sending message 105 to peer 0x55a984954070 (23 bytes)
1705064805.376714 sending message 105 to peer 0x55a984954070 (31 bytes)
1705064805.376721 sending message 105 to peer 0x55a984954070 (53 bytes)
1705064805.376728 sending message 105 to peer 0x55a984954070 (48 bytes)
1705064805.376735 sending message 105 to peer 0x55a984954070 (38 bytes)
1705064805.376742 sending message 105 to peer 0x55a984954070 (38 bytes)
1705064805.376748 sending message 105 to peer 0x55a984954070 (17 bytes)
1705064805.376755 sending message 106 to peer 0x55a984954070 (0 bytes)
1705064805.376891 sending message 200 to peer 0x55a984954070 (4 bytes)
1705064805.376911 client loop enter
1705064805.378524 peer 0x55a984954070 message 303
1705064805.378555 open write file 2 -
1705064805.378589 sending message 305 to peer 0x55a984954070 (8 bytes)
1705064805.378615 write check file 2
1705064805.379232 peer 0x55a984954070 message 304
1705064805.379256 write 58 to file 2
1705064805.379277 peer 0x55a984954070 message 203
1705064805.379284 file 2 58 bytes left
1705064805.379409 write check file 2
1705064805.379427 client loop exit
